Arguments: 
  /home/zurzula/.nvm/versions/node/v16.14.2/bin/node /home/zurzula/.yarn/bin/yarn.js add @prisma

PATH: 
  /home/zurzula/.cargo/bin:/usr/local/go/bin:/home/zurzula/go/bin:/home/zurzula/.yarn/bin:/usr/local/sbin:/usr/local/bin:/usr/sbin:/usr/bin:/sbin:/bin:/usr/games:/usr/local/games:/usr/lib/wsl/lib:/mnt/c/Program Files/WindowsApps/MicrosoftCorporationII.WindowsSubsystemForLinux_1.2.5.0_x64__8wekyb3d8bbwe:/mnt/c/Program Files (x86)/Razer/ChromaBroadcast/bin:/mnt/c/Program Files/Razer/ChromaBroadcast/bin:/mnt/c/Windows/system32:/mnt/c/Windows:/mnt/c/Windows/System32/Wbem:/mnt/c/Windows/System32/WindowsPowerShell/v1.0/:/mnt/c/Windows/System32/OpenSSH/:/mnt/c/Program Files/dotnet/:/mnt/c/Program Files (x86)/NVIDIA Corporation/PhysX/Common:/mnt/c/Windows/system32/config/systemprofile/AppData/Local/Microsoft/WindowsApps:/mnt/c/Program Files/Amazon/AWSCLIV2/:/mnt/c/WINDOWS/system32:/mnt/c/WINDOWS:/mnt/c/WINDOWS/System32/Wbem:/mnt/c/WINDOWS/System32/WindowsPowerShell/v1.0/:/mnt/c/WINDOWS/System32/OpenSSH/:/mnt/c/Users/jeyhu/AppData/Local/Microsoft/WindowsApps:/mnt/c/Users/jeyhu/AppData/Local/Programs/MicrosoftVSCode/bin:/snap/bin

Yarn version: 
  1.22.18

Node version: 
  16.14.2

Platform: 
  linux x64

Trace: 
  Error: https://registry.yarnpkg.com/@prisma: Request "https://registry.yarnpkg.com/@prisma" returned a 405
      at Request.params.callback [as _callback] (/home/zurzula/.yarn/lib/cli.js:66147:18)
      at Request.self.callback (/home/zurzula/.yarn/lib/cli.js:140883:22)
      at Request.emit (node:events:526:28)
      at Request.<anonymous> (/home/zurzula/.yarn/lib/cli.js:141855:10)
      at Request.emit (node:events:526:28)
      at IncomingMessage.<anonymous> (/home/zurzula/.yarn/lib/cli.js:141777:12)
      at Object.onceWrapper (node:events:645:28)
      at IncomingMessage.emit (node:events:538:35)
      at endReadableNT (node:internal/streams/readable:1345:12)
      at processTicksAndRejections (node:internal/process/task_queues:83:21)

npm manifest: 
  {
    "name": "my-prisma-project",
    "version": "1.0.0",
    "description": "",
    "main": "index.js",
    "scripts": {
      "test": "echo \"Error: no test specified\" && exit 1"
    },
    "keywords": [],
    "author": "",
    "license": "ISC",
    "dependencies": {
      "@prisma/client": "4.8.0",
      "semver": "^7.5.1"
    },
    "devDependencies": {
      "prisma": "^4.15.0"
    }
  }

yarn manifest: 
  No manifest

Lockfile: 
  # THIS IS AN AUTOGENERATED FILE. DO NOT EDIT THIS FILE DIRECTLY.
  # yarn lockfile v1
  
  
  "@prisma/client@4.8.0":
    version "4.8.0"
    resolved "https://registry.yarnpkg.com/@prisma/client/-/client-4.8.0.tgz#6ec7adaca6a2e233d7e41dbe7cc6d0fa6143a407"
    integrity sha512-Y1riB0p2W52kh3zgssP/YAhln3RjBFcJy3uwEiyjmU+TQYh6QTZDRFBo3JtBWuq2FyMOl1Rye8jxzUP+n0l5Cg==
    dependencies:
      "@prisma/engines-version" "4.8.0-61.d6e67a83f971b175a593ccc12e15c4a757f93ffe"
  
  "@prisma/engines-version@4.8.0-61.d6e67a83f971b175a593ccc12e15c4a757f93ffe":
    version "4.8.0-61.d6e67a83f971b175a593ccc12e15c4a757f93ffe"
    resolved "https://registry.yarnpkg.com/@prisma/engines-version/-/engines-version-4.8.0-61.d6e67a83f971b175a593ccc12e15c4a757f93ffe.tgz#30401aba1029e7d32e3cb717e705a7c92ccc211e"
    integrity sha512-MHSOSexomRMom8QN4t7bu87wPPD+pa+hW9+71JnVcF3DqyyO/ycCLhRL1we3EojRpZxKvuyGho2REQsMCvxcJw==
  
  "@prisma/engines@4.15.0":
    version "4.15.0"
    resolved "https://registry.yarnpkg.com/@prisma/engines/-/engines-4.15.0.tgz#d8687a9fda615fab88b75b466931280289de9e26"
    integrity sha512-FTaOCGs0LL0OW68juZlGxFtYviZa4xdQj/rQEdat2txw0s3Vu/saAPKjNVXfIgUsGXmQ72HPgNr6935/P8FNAA==
  
  lru-cache@^6.0.0:
    version "6.0.0"
    resolved "https://registry.yarnpkg.com/lru-cache/-/lru-cache-6.0.0.tgz#6d6fe6570ebd96aaf90fcad1dafa3b2566db3a94"
    integrity sha512-Jo6dJ04CmSjuznwJSS3pUeWmd/H0ffTlkXXgwZi+eq1UCmqQwCh+eLsYOYCwY991i2Fah4h1BEMCx4qThGbsiA==
    dependencies:
      yallist "^4.0.0"
  
  prisma@^4.15.0:
    version "4.15.0"
    resolved "https://registry.yarnpkg.com/prisma/-/prisma-4.15.0.tgz#4faa94f0d584828b68468953ff0bc88f37912c8c"
    integrity sha512-iKZZpobPl48gTcSZVawLMQ3lEy6BnXwtoMj7hluoGFYu2kQ6F9LBuBrUyF95zRVnNo8/3KzLXJXJ5TEnLSJFiA==
    dependencies:
      "@prisma/engines" "4.15.0"
  
  semver@^7.5.1:
    version "7.5.1"
    resolved "https://registry.yarnpkg.com/semver/-/semver-7.5.1.tgz#c90c4d631cf74720e46b21c1d37ea07edfab91ec"
    integrity sha512-Wvss5ivl8TMRZXXESstBA4uR5iXgEN/VC5/sOcuXdVLzcdkz4HWetIoRfG5gb5X+ij/G9rw9YoGn3QoQ8OCSpw==
    dependencies:
      lru-cache "^6.0.0"
  
  yallist@^4.0.0:
    version "4.0.0"
    resolved "https://registry.yarnpkg.com/yallist/-/yallist-4.0.0.tgz#9bb92790d9c0effec63be73519e11a35019a3a72"
    integrity sha512-3wdGidZyq5PB084XLES5TpOSRA3wjXAlIWMhum2kRcv/41Sn2emQ0dycQW4uZXLejwKvg6EsvbdlVL+FYEct7A==
